<?xml version="1.0" encoding="UTF-8"?>
<!-- Generated by org.testng.reporters.JUnitXMLReporter -->
<testsuite ignored="0" hostname="THOUFIC" failures="0" tests="7" name="TestNG XML Demo" time="37.438" errors="0" timestamp="19 Aug 2019 17:56:18 GMT">
  <testcase classname="com.testNGPackage.TestNGBasicsDemo" name="Tesitng2" time="0.004"/>
  <testcase classname="com.testNGPackage.TestNGBasicsDemo" name="Testing" time="0.0"/>
  <testcase classname="com.testNGPackage.GoogleTest" name="Tett" time="0.004"/>
  <testcase classname="com.testNGPackage.GoogleTest" name="Tett1" time="0.004"/>
  <testcase classname="com.testNGPackage.GoogleTest" name="VerifyGoogleLOgo" time="0.076"/>
  <testcase classname="com.testNGPackage.GoogleTest" name="VerifyLuckyButton" time="0.056"/>
  <testcase classname="com.testNGPackage.GoogleTest" name="VerifyGmailLink" time="0.036"/>
</testsuite> <!-- TestNG XML Demo -->
