<?xml version="1.0" encoding="UTF-8"?>
<testng-results ignored="0" total="1" passed="1" failed="0" skipped="0">
  <reporter-output>
  </reporter-output>
  <suite started-at="2019-08-30T10:10:50Z" name="ParameterAnnotationDemo" finished-at="2019-08-30T10:11:00Z" duration-ms="9549">
    <groups>
    </groups>
    <test started-at="2019-08-30T10:10:50Z" name="Parammm" finished-at="2019-08-30T10:11:00Z" duration-ms="9549">
      <class name="com.testNGPackage.ParameterDemo">
        <test-method is-config="true" signature="LaunchChrome(java.lang.String)[pri:0, instance:com.testNGPackage.ParameterDemo@56cdfb3b]" started-at="2019-08-30T10:10:50Z" name="LaunchChrome" finished-at="2019-08-30T10:10:56Z" duration-ms="5456" status="PASS">
          <params>
            <param index="0">
              <value>
                <![CDATA[http://www.google.com/]]>
              </value>
            </param>
          </params>
          <reporter-output>
          </reporter-output>
        </test-method> <!-- LaunchChrome -->
        <test-method signature="login(java.lang.String)[pri:0, instance:com.testNGPackage.ParameterDemo@56cdfb3b]" started-at="2019-08-30T10:10:56Z" name="login" finished-at="2019-08-30T10:10:59Z" duration-ms="3383" status="PASS">
          <params>
            <param index="0">
              <value>
                <![CDATA[abc@gmail.com]]>
              </value>
            </param>
          </params>
          <reporter-output>
          </reporter-output>
        </test-method> <!-- login -->
        <test-method is-config="true" signature="CloseBrowser()[pri:0, instance:com.testNGPackage.ParameterDemo@56cdfb3b]" started-at="2019-08-30T10:10:59Z" name="CloseBrowser" finished-at="2019-08-30T10:11:00Z" duration-ms="687" status="PASS">
          <reporter-output>
          </reporter-output>
        </test-method> <!-- CloseBrowser -->
      </class> <!-- com.testNGPackage.ParameterDemo -->
    </test> <!-- Parammm -->
  </suite> <!-- ParameterAnnotationDemo -->
</testng-results>
